0 info it worked if it ends with ok
1 verbose cli [ '/home/pi/.nvm/versions/node/v7.4.0/bin/node',
1 verbose cli   '/home/pi/.nvm/versions/node/v7.4.0/bin/npm',
1 verbose cli   'run',
1 verbose cli   'run' ]
2 info using npm@4.0.5
3 info using node@v7.4.0
4 verbose run-script [ 'prerun', 'run', 'postrun' ]
5 info lifecycle coffeemachine@1.0.0~prerun: coffeemachine@1.0.0
6 silly lifecycle coffeemachine@1.0.0~prerun: no script for prerun, continuing
7 info lifecycle coffeemachine@1.0.0~run: coffeemachine@1.0.0
8 verbose lifecycle coffeemachine@1.0.0~run: unsafe-perm in lifecycle true
9 verbose lifecycle coffeemachine@1.0.0~run: PATH: /home/pi/.nvm/versions/node/v7.4.0/lib/node_modules/npm/bin/node-gyp-bin:/home/pi/Desktop/ElectronProject/node_modules/.bin:/home/pi/.nvm/versions/node/v7.4.0/bin:/usr/local/sbin:/usr/local/bin:/usr/sbin:/usr/bin:/sbin:/bin:/usr/local/games:/usr/games
10 verbose lifecycle coffeemachine@1.0.0~run: CWD: /home/pi/Desktop/ElectronProject
11 silly lifecycle coffeemachine@1.0.0~run: Args: [ '-c', 'node -r babel-register NFCAdapter.js' ]
12 silly lifecycle coffeemachine@1.0.0~run: Returned: code: 1  signal: null
13 info lifecycle coffeemachine@1.0.0~run: Failed to exec run script
14 verbose stack Error: coffeemachine@1.0.0 run: `node -r babel-register NFCAdapter.js`
14 verbose stack Exit status 1
14 verbose stack     at EventEmitter.<anonymous> (/home/pi/.nvm/versions/node/v7.4.0/lib/node_modules/npm/lib/utils/lifecycle.js:279:16)
14 verbose stack     at emitTwo (events.js:106:13)
14 verbose stack     at EventEmitter.emit (events.js:191:7)
14 verbose stack     at ChildProcess.<anonymous> (/home/pi/.nvm/versions/node/v7.4.0/lib/node_modules/npm/lib/utils/spawn.js:40:14)
14 verbose stack     at emitTwo (events.js:106:13)
14 verbose stack     at ChildProcess.emit (events.js:191:7)
14 verbose stack     at maybeClose (internal/child_process.js:885:16)
14 verbose stack     at Process.ChildProcess._handle.onexit (internal/child_process.js:226:5)
15 verbose pkgid coffeemachine@1.0.0
16 verbose cwd /home/pi/Desktop/ElectronProject
17 error Linux 4.4.50-v7+
18 error argv "/home/pi/.nvm/versions/node/v7.4.0/bin/node" "/home/pi/.nvm/versions/node/v7.4.0/bin/npm" "run" "run"
19 error node v7.4.0
20 error npm  v4.0.5
21 error code ELIFECYCLE
22 error coffeemachine@1.0.0 run: `node -r babel-register NFCAdapter.js`
22 error Exit status 1
23 error Failed at the coffeemachine@1.0.0 run script 'node -r babel-register NFCAdapter.js'.
23 error Make sure you have the latest version of node.js and npm installed.
23 error If you do, this is most likely a problem with the coffeemachine package,
23 error not with npm itself.
23 error Tell the author that this fails on your system:
23 error     node -r babel-register NFCAdapter.js
23 error You can get information on how to open an issue for this project with:
23 error     npm bugs coffeemachine
23 error Or if that isn't available, you can get their info via:
23 error     npm owner ls coffeemachine
23 error There is likely additional logging output above.
24 verbose exit [ 1, true ]
